2020-05-17 01:38:30,777 - testBase.TestBase -INFO - Navigating to:https://opensource-demo.orangehrmlive.com/
2020-05-17 01:38:30,777 [TestNG-tests-1] INFO testBase.TestBase - Navigating to:https://opensource-demo.orangehrmlive.com/
2020-05-17 01:38:35,707 - testBase.TestBase -INFO - Navigating to:https://opensource-demo.orangehrmlive.com/
2020-05-17 01:38:35,707 [TestNG-tests-1] INFO testBase.TestBase - Navigating to:https://opensource-demo.orangehrmlive.com/
2020-05-17 01:38:40,941 - testBase.TestBase -INFO - Navigating to:https://opensource-demo.orangehrmlive.com/
2020-05-17 01:38:40,941 [TestNG-tests-1] INFO testBase.TestBase - Navigating to:https://opensource-demo.orangehrmlive.com/
2020-05-17 01:38:44,837 - testCases.TC01_LoginTest -INFO - Email id for the TC 1 is: admin
2020-05-17 01:38:44,837 [TestNG-tests-1] INFO testCases.TC01_LoginTest - Email id for the TC 1 is: admin
2020-05-17 01:38:44,839 - testCases.TC01_LoginTest -INFO - Password for the TC 1 is: admin
2020-05-17 01:38:44,839 [TestNG-tests-1] INFO testCases.TC01_LoginTest - Password for the TC 1 is: admin
2020-05-17 01:39:15,258 - pageClass.LoginPage -INFO - Time take in seconds Without cache 29
2020-05-17 01:39:15,258 [TestNG-tests-1] INFO pageClass.LoginPage - Time take in seconds Without cache 29
2020-05-17 01:39:23,397 - pageClass.LoginPage -INFO - Time take in seconds With cache 8
2020-05-17 01:39:23,397 [TestNG-tests-1] INFO pageClass.LoginPage - Time take in seconds With cache 8
2020-05-17 01:39:24,214 - testCases.TC02_LoginTest -INFO - Email id for the TC 2 is: admin123
2020-05-17 01:39:24,214 [TestNG-tests-1] INFO testCases.TC02_LoginTest - Email id for the TC 2 is: admin123
2020-05-17 01:39:24,217 - testCases.TC02_LoginTest -INFO - Password for the TC 2 is: admin
2020-05-17 01:39:24,217 [TestNG-tests-1] INFO testCases.TC02_LoginTest - Password for the TC 2 is: admin
2020-05-17 01:39:41,897 - pageClass.LoginPage -INFO - Time take in seconds Without cache 17
2020-05-17 01:39:41,897 [TestNG-tests-1] INFO pageClass.LoginPage - Time take in seconds Without cache 17
2020-05-17 01:39:50,219 - pageClass.LoginPage -INFO - Time take in seconds With cache 8
2020-05-17 01:39:50,219 [TestNG-tests-1] INFO pageClass.LoginPage - Time take in seconds With cache 8
2020-05-17 01:39:50,733 - testCases.TC03_LoginTest -INFO - Email id for the TC 3 is: admin12
2020-05-17 01:39:50,733 [TestNG-tests-1] INFO testCases.TC03_LoginTest - Email id for the TC 3 is: admin12
2020-05-17 01:39:50,739 - testCases.TC03_LoginTest -INFO - Password for the TC 3 is: admin123
2020-05-17 01:39:50,739 [TestNG-tests-1] INFO testCases.TC03_LoginTest - Password for the TC 3 is: admin123
2020-05-17 01:39:52,163 - testCases.TC04_LoginTest -INFO - Email id for the TC 4 is: Admin
2020-05-17 01:39:52,163 [TestNG-tests-1] INFO testCases.TC04_LoginTest - Email id for the TC 4 is: Admin
2020-05-17 01:39:52,165 - testCases.TC04_LoginTest -INFO - Password for the TC 4 is: admin123
2020-05-17 01:39:52,165 [TestNG-tests-1] INFO testCases.TC04_LoginTest - Password for the TC 4 is: admin123
2020-05-18 03:32:00,609 - testBase.TestBase -INFO - Navigating to:https://opensource-demo.orangehrmlive.com/
2020-05-18 03:32:00,609 [TestNG-tests-1] INFO testBase.TestBase - Navigating to:https://opensource-demo.orangehrmlive.com/
2020-05-18 03:32:08,302 - testBase.TestBase -INFO - Navigating to:https://opensource-demo.orangehrmlive.com/
2020-05-18 03:32:08,302 [TestNG-tests-1] INFO testBase.TestBase - Navigating to:https://opensource-demo.orangehrmlive.com/
2020-05-18 03:32:15,608 - testBase.TestBase -INFO - Navigating to:https://opensource-demo.orangehrmlive.com/
2020-05-18 03:32:15,608 [TestNG-tests-1] INFO testBase.TestBase - Navigating to:https://opensource-demo.orangehrmlive.com/
2020-05-18 03:32:27,617 - testCases.TC01_LoginTest -INFO - Email id for the TC 1 is: admin
2020-05-18 03:32:27,617 [TestNG-tests-1] INFO testCases.TC01_LoginTest - Email id for the TC 1 is: admin
2020-05-18 03:32:27,618 - testCases.TC01_LoginTest -INFO - Password for the TC 1 is: admin
2020-05-18 03:32:27,618 [TestNG-tests-1] INFO testCases.TC01_LoginTest - Password for the TC 1 is: admin
2020-05-18 03:33:07,542 - pageClass.LoginPage -INFO - Time take in seconds Without cache 38
2020-05-18 03:33:07,542 [TestNG-tests-1] INFO pageClass.LoginPage - Time take in seconds Without cache 38
2020-05-18 03:33:26,857 - pageClass.LoginPage -INFO - Time take in seconds With cache 19
2020-05-18 03:33:26,857 [TestNG-tests-1] INFO pageClass.LoginPage - Time take in seconds With cache 19
2020-05-18 03:33:29,039 - testCases.TC02_LoginTest -INFO - Email id for the TC 2 is: admin123
2020-05-18 03:33:29,039 [TestNG-tests-1] INFO testCases.TC02_LoginTest - Email id for the TC 2 is: admin123
2020-05-18 03:33:29,040 - testCases.TC02_LoginTest -INFO - Password for the TC 2 is: admin
2020-05-18 03:33:29,040 [TestNG-tests-1] INFO testCases.TC02_LoginTest - Password for the TC 2 is: admin
2020-05-18 03:33:53,444 - pageClass.LoginPage -INFO - Time take in seconds Without cache 23
2020-05-18 03:33:53,444 [TestNG-tests-1] INFO pageClass.LoginPage - Time take in seconds Without cache 23
2020-05-18 03:34:06,118 - pageClass.LoginPage -INFO - Time take in seconds With cache 12
2020-05-18 03:34:06,118 [TestNG-tests-1] INFO pageClass.LoginPage - Time take in seconds With cache 12
2020-05-18 03:34:06,698 - testCases.TC03_LoginTest -INFO - Email id for the TC 3 is: admin12
2020-05-18 03:34:06,698 [TestNG-tests-1] INFO testCases.TC03_LoginTest - Email id for the TC 3 is: admin12
2020-05-18 03:34:06,701 - testCases.TC03_LoginTest -INFO - Password for the TC 3 is: admin123
2020-05-18 03:34:06,701 [TestNG-tests-1] INFO testCases.TC03_LoginTest - Password for the TC 3 is: admin123
2020-05-18 03:34:08,810 - testCases.TC04_LoginTest -INFO - Email id for the TC 4 is: Admin
2020-05-18 03:34:08,810 [TestNG-tests-1] INFO testCases.TC04_LoginTest - Email id for the TC 4 is: Admin
2020-05-18 03:34:08,811 - testCases.TC04_LoginTest -INFO - Password for the TC 4 is: admin123
2020-05-18 03:34:08,811 [TestNG-tests-1] INFO testCases.TC04_LoginTest - Password for the TC 4 is: admin123
2020-05-18 04:04:42,887 - testBase.TestBase -INFO - Navigating to:https://opensource-demo.orangehrmlive.com/
2020-05-18 04:04:42,887 [TestNG-tests-1] INFO testBase.TestBase - Navigating to:https://opensource-demo.orangehrmlive.com/
2020-05-18 04:04:48,151 - testBase.TestBase -INFO - Navigating to:https://opensource-demo.orangehrmlive.com/
2020-05-18 04:04:48,151 [TestNG-tests-1] INFO testBase.TestBase - Navigating to:https://opensource-demo.orangehrmlive.com/
2020-05-18 04:04:54,970 - testBase.TestBase -INFO - Navigating to:https://opensource-demo.orangehrmlive.com/
2020-05-18 04:04:54,970 [TestNG-tests-1] INFO testBase.TestBase - Navigating to:https://opensource-demo.orangehrmlive.com/
2020-05-18 04:04:58,211 - testCases.TC01_LoginTest -INFO - Email id for the TC 1 is: admin
2020-05-18 04:04:58,211 [TestNG-tests-1] INFO testCases.TC01_LoginTest - Email id for the TC 1 is: admin
2020-05-18 04:04:58,213 - testCases.TC01_LoginTest -INFO - Password for the TC 1 is: admin
2020-05-18 04:04:58,213 [TestNG-tests-1] INFO testCases.TC01_LoginTest - Password for the TC 1 is: admin
2020-05-18 04:05:28,895 - pageClass.LoginPage -INFO - Time take in seconds Without cache 29
2020-05-18 04:05:28,895 [TestNG-tests-1] INFO pageClass.LoginPage - Time take in seconds Without cache 29
2020-05-18 04:05:41,906 - pageClass.LoginPage -INFO - Time take in seconds With cache 13
2020-05-18 04:05:41,906 [TestNG-tests-1] INFO pageClass.LoginPage - Time take in seconds With cache 13
2020-05-18 04:05:42,871 - testCases.TC02_LoginTest -INFO - Email id for the TC 2 is: admin123
2020-05-18 04:05:42,871 [TestNG-tests-1] INFO testCases.TC02_LoginTest - Email id for the TC 2 is: admin123
2020-05-18 04:05:42,872 - testCases.TC02_LoginTest -INFO - Password for the TC 2 is: admin
2020-05-18 04:05:42,872 [TestNG-tests-1] INFO testCases.TC02_LoginTest - Password for the TC 2 is: admin
2020-05-18 04:06:03,141 - pageClass.LoginPage -INFO - Time take in seconds Without cache 19
2020-05-18 04:06:03,141 [TestNG-tests-1] INFO pageClass.LoginPage - Time take in seconds Without cache 19
2020-05-18 04:06:12,220 - pageClass.LoginPage -INFO - Time take in seconds With cache 9
2020-05-18 04:06:12,220 [TestNG-tests-1] INFO pageClass.LoginPage - Time take in seconds With cache 9
2020-05-18 04:06:12,801 - testCases.TC03_LoginTest -INFO - Email id for the TC 3 is: admin12
2020-05-18 04:06:12,801 [TestNG-tests-1] INFO testCases.TC03_LoginTest - Email id for the TC 3 is: admin12
2020-05-18 04:06:12,819 - testCases.TC03_LoginTest -INFO - Password for the TC 3 is: admin123
2020-05-18 04:06:12,819 [TestNG-tests-1] INFO testCases.TC03_LoginTest - Password for the TC 3 is: admin123
2020-05-18 04:06:14,848 - testCases.TC04_LoginTest -INFO - Email id for the TC 4 is: Admin
2020-05-18 04:06:14,848 [TestNG-tests-1] INFO testCases.TC04_LoginTest - Email id for the TC 4 is: Admin
2020-05-18 04:06:14,849 - testCases.TC04_LoginTest -INFO - Password for the TC 4 is: admin123
2020-05-18 04:06:14,849 [TestNG-tests-1] INFO testCases.TC04_LoginTest - Password for the TC 4 is: admin123
2020-05-18 05:07:59,810 - testBase.TestBase -INFO - Navigating to:https://opensource-demo.orangehrmlive.com/
2020-05-18 05:07:59,810 [TestNG-tests-1] INFO testBase.TestBase - Navigating to:https://opensource-demo.orangehrmlive.com/
2020-05-18 05:08:06,624 - testBase.TestBase -INFO - Navigating to:https://opensource-demo.orangehrmlive.com/
2020-05-18 05:08:06,624 [TestNG-tests-1] INFO testBase.TestBase - Navigating to:https://opensource-demo.orangehrmlive.com/
2020-05-18 05:08:15,249 - testBase.TestBase -INFO - Navigating to:https://opensource-demo.orangehrmlive.com/
2020-05-18 05:08:15,249 [TestNG-tests-1] INFO testBase.TestBase - Navigating to:https://opensource-demo.orangehrmlive.com/
2020-05-18 05:08:20,335 - testCases.TC01_LoginTest -INFO - Email id for the TC 1 is: admin
2020-05-18 05:08:20,335 [TestNG-tests-1] INFO testCases.TC01_LoginTest - Email id for the TC 1 is: admin
2020-05-18 05:08:20,336 - testCases.TC01_LoginTest -INFO - Password for the TC 1 is: admin
2020-05-18 05:08:20,336 [TestNG-tests-1] INFO testCases.TC01_LoginTest - Password for the TC 1 is: admin
2020-05-18 05:09:05,946 - pageClass.LoginPage -INFO - Time take in seconds Without cache 44
2020-05-18 05:09:05,946 [TestNG-tests-1] INFO pageClass.LoginPage - Time take in seconds Without cache 44
2020-05-18 05:09:20,516 - pageClass.LoginPage -INFO - Time take in seconds With cache 14
2020-05-18 05:09:20,516 [TestNG-tests-1] INFO pageClass.LoginPage - Time take in seconds With cache 14
2020-05-18 05:09:21,688 - testCases.TC02_LoginTest -INFO - Email id for the TC 2 is: admin123
2020-05-18 05:09:21,688 [TestNG-tests-1] INFO testCases.TC02_LoginTest - Email id for the TC 2 is: admin123
2020-05-18 05:09:21,692 - testCases.TC02_LoginTest -INFO - Password for the TC 2 is: admin
2020-05-18 05:09:21,692 [TestNG-tests-1] INFO testCases.TC02_LoginTest - Password for the TC 2 is: admin
2020-05-18 05:09:44,987 - pageClass.LoginPage -INFO - Time take in seconds Without cache 22
2020-05-18 05:09:44,987 [TestNG-tests-1] INFO pageClass.LoginPage - Time take in seconds Without cache 22
2020-05-18 05:09:57,635 - pageClass.LoginPage -INFO - Time take in seconds With cache 12
2020-05-18 05:09:57,635 [TestNG-tests-1] INFO pageClass.LoginPage - Time take in seconds With cache 12
2020-05-18 05:09:58,368 - testCases.TC03_LoginTest -INFO - Email id for the TC 3 is: admin12
2020-05-18 05:09:58,368 [TestNG-tests-1] INFO testCases.TC03_LoginTest - Email id for the TC 3 is: admin12
2020-05-18 05:09:58,369 - testCases.TC03_LoginTest -INFO - Password for the TC 3 is: admin123
2020-05-18 05:09:58,369 [TestNG-tests-1] INFO testCases.TC03_LoginTest - Password for the TC 3 is: admin123
2020-05-18 05:09:59,972 - testCases.TC04_LoginTest -INFO - Email id for the TC 4 is: Admin
2020-05-18 05:09:59,972 [TestNG-tests-1] INFO testCases.TC04_LoginTest - Email id for the TC 4 is: Admin
2020-05-18 05:09:59,973 - testCases.TC04_LoginTest -INFO - Password for the TC 4 is: admin123
2020-05-18 05:09:59,973 [TestNG-tests-1] INFO testCases.TC04_LoginTest - Password for the TC 4 is: admin123
2020-05-18 05:11:06,091 - testBase.TestBase -INFO - Navigating to:https://opensource-demo.orangehrmlive.com/
2020-05-18 05:11:06,091 [TestNG-tests-1] INFO testBase.TestBase - Navigating to:https://opensource-demo.orangehrmlive.com/
2020-05-18 05:11:12,381 - testBase.TestBase -INFO - Navigating to:https://opensource-demo.orangehrmlive.com/
2020-05-18 05:11:12,381 [TestNG-tests-1] INFO testBase.TestBase - Navigating to:https://opensource-demo.orangehrmlive.com/
2020-05-18 05:11:19,095 - testBase.TestBase -INFO - Navigating to:https://opensource-demo.orangehrmlive.com/
2020-05-18 05:11:19,095 [TestNG-tests-1] INFO testBase.TestBase - Navigating to:https://opensource-demo.orangehrmlive.com/
2020-05-18 05:11:22,987 - testCases.TC01_LoginTest -INFO - Email id for the TC 1 is: admin
2020-05-18 05:11:22,987 [TestNG-tests-1] INFO testCases.TC01_LoginTest - Email id for the TC 1 is: admin
2020-05-18 05:11:22,988 - testCases.TC01_LoginTest -INFO - Password for the TC 1 is: admin
2020-05-18 05:11:22,988 [TestNG-tests-1] INFO testCases.TC01_LoginTest - Password for the TC 1 is: admin
2020-05-18 05:12:02,384 - pageClass.LoginPage -INFO - Time take in seconds Without cache 38
2020-05-18 05:12:02,384 [TestNG-tests-1] INFO pageClass.LoginPage - Time take in seconds Without cache 38
2020-05-18 05:12:18,232 - pageClass.LoginPage -INFO - Time take in seconds With cache 15
2020-05-18 05:12:18,232 [TestNG-tests-1] INFO pageClass.LoginPage - Time take in seconds With cache 15
2020-05-18 05:12:19,710 - testCases.TC02_LoginTest -INFO - Email id for the TC 2 is: admin123
2020-05-18 05:12:19,710 [TestNG-tests-1] INFO testCases.TC02_LoginTest - Email id for the TC 2 is: admin123
2020-05-18 05:12:19,720 - testCases.TC02_LoginTest -INFO - Password for the TC 2 is: admin
2020-05-18 05:12:19,720 [TestNG-tests-1] INFO testCases.TC02_LoginTest - Password for the TC 2 is: admin
2020-05-18 05:12:45,739 - pageClass.LoginPage -INFO - Time take in seconds Without cache 24
2020-05-18 05:12:45,739 [TestNG-tests-1] INFO pageClass.LoginPage - Time take in seconds Without cache 24
2020-05-18 05:12:58,511 - pageClass.LoginPage -INFO - Time take in seconds With cache 12
2020-05-18 05:12:58,511 [TestNG-tests-1] INFO pageClass.LoginPage - Time take in seconds With cache 12
2020-05-18 05:12:58,973 - testCases.TC03_LoginTest -INFO - Email id for the TC 3 is: admin12
2020-05-18 05:12:58,973 [TestNG-tests-1] INFO testCases.TC03_LoginTest - Email id for the TC 3 is: admin12
2020-05-18 05:12:58,973 - testCases.TC03_LoginTest -INFO - Password for the TC 3 is: admin123
2020-05-18 05:12:58,973 [TestNG-tests-1] INFO testCases.TC03_LoginTest - Password for the TC 3 is: admin123
2020-05-18 05:13:00,772 - testCases.TC04_LoginTest -INFO - Email id for the TC 4 is: Admin
2020-05-18 05:13:00,772 [TestNG-tests-1] INFO testCases.TC04_LoginTest - Email id for the TC 4 is: Admin
2020-05-18 05:13:00,774 - testCases.TC04_LoginTest -INFO - Password for the TC 4 is: admin123
2020-05-18 05:13:00,774 [TestNG-tests-1] INFO testCases.TC04_LoginTest - Password for the TC 4 is: admin123
2020-05-18 17:50:05,505 - testBase.TestBase -INFO - Navigating to:https://opensource-demo.orangehrmlive.com/
2020-05-18 17:50:05,505 [TestNG-tests-1] INFO testBase.TestBase - Navigating to:https://opensource-demo.orangehrmlive.com/
2020-05-18 17:50:16,216 - testBase.TestBase -INFO - Navigating to:https://opensource-demo.orangehrmlive.com/
2020-05-18 17:50:16,216 [TestNG-tests-1] INFO testBase.TestBase - Navigating to:https://opensource-demo.orangehrmlive.com/
2020-05-18 17:50:27,001 - testBase.TestBase -INFO - Navigating to:https://opensource-demo.orangehrmlive.com/
2020-05-18 17:50:27,001 [TestNG-tests-1] INFO testBase.TestBase - Navigating to:https://opensource-demo.orangehrmlive.com/
2020-05-18 17:50:38,103 - testCases.TC01_LoginTest -INFO - Email id for the TC 1 is: admin
2020-05-18 17:50:38,103 [TestNG-tests-1] INFO testCases.TC01_LoginTest - Email id for the TC 1 is: admin
2020-05-18 17:50:38,105 - testCases.TC01_LoginTest -INFO - Password for the TC 1 is: admin
2020-05-18 17:50:38,105 [TestNG-tests-1] INFO testCases.TC01_LoginTest - Password for the TC 1 is: admin
2020-05-18 17:52:40,767 - pageClass.LoginPage -INFO - Time take in seconds Without cache 119
2020-05-18 17:52:40,767 [TestNG-tests-1] INFO pageClass.LoginPage - Time take in seconds Without cache 119
2020-05-18 17:53:43,917 - pageClass.LoginPage -INFO - Time take in seconds With cache 63
2020-05-18 17:53:43,917 [TestNG-tests-1] INFO pageClass.LoginPage - Time take in seconds With cache 63
2020-05-18 17:53:47,433 - testCases.TC02_LoginTest -INFO - Email id for the TC 2 is: admin123
2020-05-18 17:53:47,433 [TestNG-tests-1] INFO testCases.TC02_LoginTest - Email id for the TC 2 is: admin123
2020-05-18 17:53:47,436 - testCases.TC02_LoginTest -INFO - Password for the TC 2 is: admin
2020-05-18 17:53:47,436 [TestNG-tests-1] INFO testCases.TC02_LoginTest - Password for the TC 2 is: admin
2020-05-18 17:54:50,331 - pageClass.LoginPage -INFO - Time take in seconds Without cache 59
2020-05-18 17:54:50,331 [TestNG-tests-1] INFO pageClass.LoginPage - Time take in seconds Without cache 59
2020-05-18 17:55:19,365 - pageClass.LoginPage -INFO - Time take in seconds With cache 29
2020-05-18 17:55:19,365 [TestNG-tests-1] INFO pageClass.LoginPage - Time take in seconds With cache 29
2020-05-18 17:55:21,011 - testCases.TC03_LoginTest -INFO - Email id for the TC 3 is: admin12
2020-05-18 17:55:21,011 [TestNG-tests-1] INFO testCases.TC03_LoginTest - Email id for the TC 3 is: admin12
2020-05-18 17:55:21,012 - testCases.TC03_LoginTest -INFO - Password for the TC 3 is: admin123
2020-05-18 17:55:21,012 [TestNG-tests-1] INFO testCases.TC03_LoginTest - Password for the TC 3 is: admin123
2020-05-18 17:55:24,329 - testCases.TC04_LoginTest -INFO - Email id for the TC 4 is: Admin
2020-05-18 17:55:24,329 [TestNG-tests-1] INFO testCases.TC04_LoginTest - Email id for the TC 4 is: Admin
2020-05-18 17:55:24,330 - testCases.TC04_LoginTest -INFO - Password for the TC 4 is: admin123
2020-05-18 17:55:24,330 [TestNG-tests-1] INFO testCases.TC04_LoginTest - Password for the TC 4 is: admin123
2020-05-18 18:27:36,871 - testBase.TestBase -INFO - Navigating to:https://opensource-demo.orangehrmlive.com/
2020-05-18 18:27:36,871 [TestNG-tests-1] INFO testBase.TestBase - Navigating to:https://opensource-demo.orangehrmlive.com/
2020-05-18 18:27:49,677 - testBase.TestBase -INFO - Navigating to:https://opensource-demo.orangehrmlive.com/
2020-05-18 18:27:49,677 [TestNG-tests-1] INFO testBase.TestBase - Navigating to:https://opensource-demo.orangehrmlive.com/
2020-05-18 18:27:59,714 - testBase.TestBase -INFO - Navigating to:https://opensource-demo.orangehrmlive.com/
2020-05-18 18:27:59,714 [TestNG-tests-1] INFO testBase.TestBase - Navigating to:https://opensource-demo.orangehrmlive.com/
2020-05-18 18:28:07,509 - testCases.TC01_LoginTest -INFO - Email id for the TC 1 is: admin
2020-05-18 18:28:07,509 [TestNG-tests-1] INFO testCases.TC01_LoginTest - Email id for the TC 1 is: admin
2020-05-18 18:28:07,512 - testCases.TC01_LoginTest -INFO - Password for the TC 1 is: admin
2020-05-18 18:28:07,512 [TestNG-tests-1] INFO testCases.TC01_LoginTest - Password for the TC 1 is: admin
2020-05-18 18:29:51,812 - pageClass.LoginPage -INFO - Time take in seconds Without cache 100
2020-05-18 18:29:51,812 [TestNG-tests-1] INFO pageClass.LoginPage - Time take in seconds Without cache 100
2020-05-18 18:31:21,046 - pageClass.LoginPage -INFO - Time take in seconds With cache 89
2020-05-18 18:31:21,046 [TestNG-tests-1] INFO pageClass.LoginPage - Time take in seconds With cache 89
2020-05-18 18:31:25,020 - testCases.TC02_LoginTest -INFO - Email id for the TC 2 is: admin123
2020-05-18 18:31:25,020 [TestNG-tests-1] INFO testCases.TC02_LoginTest - Email id for the TC 2 is: admin123
2020-05-18 18:31:25,023 - testCases.TC02_LoginTest -INFO - Password for the TC 2 is: admin
2020-05-18 18:31:25,023 [TestNG-tests-1] INFO testCases.TC02_LoginTest - Password for the TC 2 is: admin
2020-05-18 18:32:35,672 - pageClass.LoginPage -INFO - Time take in seconds Without cache 66
2020-05-18 18:32:35,672 [TestNG-tests-1] INFO pageClass.LoginPage - Time take in seconds Without cache 66
2020-05-18 18:33:07,040 - pageClass.LoginPage -INFO - Time take in seconds With cache 31
2020-05-18 18:33:07,040 [TestNG-tests-1] INFO pageClass.LoginPage - Time take in seconds With cache 31
2020-05-18 18:33:09,117 - testCases.TC03_LoginTest -INFO - Email id for the TC 3 is: admin12
2020-05-18 18:33:09,117 [TestNG-tests-1] INFO testCases.TC03_LoginTest - Email id for the TC 3 is: admin12
2020-05-18 18:33:09,119 - testCases.TC03_LoginTest -INFO - Password for the TC 3 is: admin123
2020-05-18 18:33:09,119 [TestNG-tests-1] INFO testCases.TC03_LoginTest - Password for the TC 3 is: admin123
2020-05-18 18:33:13,364 - testCases.TC04_LoginTest -INFO - Email id for the TC 4 is: Admin
2020-05-18 18:33:13,364 [TestNG-tests-1] INFO testCases.TC04_LoginTest - Email id for the TC 4 is: Admin
2020-05-18 18:33:13,365 - testCases.TC04_LoginTest -INFO - Password for the TC 4 is: admin123
2020-05-18 18:33:13,365 [TestNG-tests-1] INFO testCases.TC04_LoginTest - Password for the TC 4 is: admin123
2020-05-18 18:35:13,996 - testBase.TestBase -INFO - Navigating to:https://opensource-demo.orangehrmlive.com/
2020-05-18 18:35:13,996 [TestNG-tests-1] INFO testBase.TestBase - Navigating to:https://opensource-demo.orangehrmlive.com/
2020-05-18 18:35:28,922 - testBase.TestBase -INFO - Navigating to:https://opensource-demo.orangehrmlive.com/
2020-05-18 18:35:28,922 [TestNG-tests-1] INFO testBase.TestBase - Navigating to:https://opensource-demo.orangehrmlive.com/
2020-05-18 18:35:39,202 - testBase.TestBase -INFO - Navigating to:https://opensource-demo.orangehrmlive.com/
2020-05-18 18:35:39,202 [TestNG-tests-1] INFO testBase.TestBase - Navigating to:https://opensource-demo.orangehrmlive.com/
2020-05-18 18:35:47,214 - testCases.TC01_LoginTest -INFO - Email id for the TC 1 is: admin
2020-05-18 18:35:47,214 [TestNG-tests-1] INFO testCases.TC01_LoginTest - Email id for the TC 1 is: admin
2020-05-18 18:35:47,216 - testCases.TC01_LoginTest -INFO - Password for the TC 1 is: admin
2020-05-18 18:35:47,216 [TestNG-tests-1] INFO testCases.TC01_LoginTest - Password for the TC 1 is: admin
2020-05-18 18:37:49,552 - pageClass.LoginPage -INFO - Time take in seconds Without cache 117
2020-05-18 18:37:49,552 [TestNG-tests-1] INFO pageClass.LoginPage - Time take in seconds Without cache 117
2020-05-18 18:38:20,294 - pageClass.LoginPage -INFO - Time take in seconds With cache 30
2020-05-18 18:38:20,294 [TestNG-tests-1] INFO pageClass.LoginPage - Time take in seconds With cache 30
2020-05-18 18:38:22,148 - testCases.TC02_LoginTest -INFO - Email id for the TC 2 is: admin123
2020-05-18 18:38:22,148 [TestNG-tests-1] INFO testCases.TC02_LoginTest - Email id for the TC 2 is: admin123
2020-05-18 18:38:22,158 - testCases.TC02_LoginTest -INFO - Password for the TC 2 is: admin
2020-05-18 18:38:22,158 [TestNG-tests-1] INFO testCases.TC02_LoginTest - Password for the TC 2 is: admin
2020-05-18 18:39:16,895 - pageClass.LoginPage -INFO - Time take in seconds Without cache 51
2020-05-18 18:39:16,895 [TestNG-tests-1] INFO pageClass.LoginPage - Time take in seconds Without cache 51
2020-05-18 18:39:43,630 - pageClass.LoginPage -INFO - Time take in seconds With cache 26
2020-05-18 18:39:43,630 [TestNG-tests-1] INFO pageClass.LoginPage - Time take in seconds With cache 26
2020-05-18 18:39:45,252 - testCases.TC03_LoginTest -INFO - Email id for the TC 3 is: admin12
2020-05-18 18:39:45,252 [TestNG-tests-1] INFO testCases.TC03_LoginTest - Email id for the TC 3 is: admin12
2020-05-18 18:39:45,254 - testCases.TC03_LoginTest -INFO - Password for the TC 3 is: admin123
2020-05-18 18:39:45,254 [TestNG-tests-1] INFO testCases.TC03_LoginTest - Password for the TC 3 is: admin123
2020-05-18 18:39:48,862 - testCases.TC04_LoginTest -INFO - Email id for the TC 4 is: Admin
2020-05-18 18:39:48,862 [TestNG-tests-1] INFO testCases.TC04_LoginTest - Email id for the TC 4 is: Admin
2020-05-18 18:39:48,865 - testCases.TC04_LoginTest -INFO - Password for the TC 4 is: admin123
2020-05-18 18:39:48,865 [TestNG-tests-1] INFO testCases.TC04_LoginTest - Password for the TC 4 is: admin123
2020-05-18 19:03:30,707 - testBase.TestBase -INFO - Navigating to:https://opensource-demo.orangehrmlive.com/
2020-05-18 19:03:30,707 [TestNG-tests-1] INFO testBase.TestBase - Navigating to:https://opensource-demo.orangehrmlive.com/
2020-05-18 19:03:40,111 - testBase.TestBase -INFO - Navigating to:https://opensource-demo.orangehrmlive.com/
2020-05-18 19:03:40,111 [TestNG-tests-1] INFO testBase.TestBase - Navigating to:https://opensource-demo.orangehrmlive.com/
2020-05-18 19:03:54,824 - testBase.TestBase -INFO - Navigating to:https://opensource-demo.orangehrmlive.com/
2020-05-18 19:03:54,824 [TestNG-tests-1] INFO testBase.TestBase - Navigating to:https://opensource-demo.orangehrmlive.com/
2020-05-18 19:04:03,688 - testCases.TC01_LoginTest -INFO - Email id for the TC 1 is: admin
2020-05-18 19:04:03,688 [TestNG-tests-1] INFO testCases.TC01_LoginTest - Email id for the TC 1 is: admin
2020-05-18 19:04:03,844 - testCases.TC01_LoginTest -INFO - Password for the TC 1 is: admin
2020-05-18 19:04:03,844 [TestNG-tests-1] INFO testCases.TC01_LoginTest - Password for the TC 1 is: admin
2020-05-18 19:05:06,432 - pageClass.LoginPage -INFO - Time take in seconds Without cache 60
2020-05-18 19:05:06,432 [TestNG-tests-1] INFO pageClass.LoginPage - Time take in seconds Without cache 60
2020-05-18 19:05:33,289 - pageClass.LoginPage -INFO - Time take in seconds With cache 26
2020-05-18 19:05:33,289 [TestNG-tests-1] INFO pageClass.LoginPage - Time take in seconds With cache 26
2020-05-18 19:05:37,476 - testCases.TC02_LoginTest -INFO - Email id for the TC 2 is: admin123
2020-05-18 19:05:37,476 [TestNG-tests-1] INFO testCases.TC02_LoginTest - Email id for the TC 2 is: admin123
2020-05-18 19:05:37,506 - testCases.TC02_LoginTest -INFO - Password for the TC 2 is: admin
2020-05-18 19:05:37,506 [TestNG-tests-1] INFO testCases.TC02_LoginTest - Password for the TC 2 is: admin
2020-05-18 19:06:41,025 - pageClass.LoginPage -INFO - Time take in seconds Without cache 62
2020-05-18 19:06:41,025 [TestNG-tests-1] INFO pageClass.LoginPage - Time take in seconds Without cache 62
2020-05-18 19:06:57,171 - pageClass.LoginPage -INFO - Time take in seconds With cache 16
2020-05-18 19:06:57,171 [TestNG-tests-1] INFO pageClass.LoginPage - Time take in seconds With cache 16
2020-05-18 19:06:58,257 - testCases.TC03_LoginTest -INFO - Email id for the TC 3 is: admin12
2020-05-18 19:06:58,257 [TestNG-tests-1] INFO testCases.TC03_LoginTest - Email id for the TC 3 is: admin12
2020-05-18 19:06:58,454 - testCases.TC03_LoginTest -INFO - Password for the TC 3 is: admin123
2020-05-18 19:06:58,454 [TestNG-tests-1] INFO testCases.TC03_LoginTest - Password for the TC 3 is: admin123
2020-05-18 19:07:01,569 - testCases.TC04_LoginTest -INFO - Email id for the TC 4 is: Admin
2020-05-18 19:07:01,569 [TestNG-tests-1] INFO testCases.TC04_LoginTest - Email id for the TC 4 is: Admin
2020-05-18 19:07:01,578 - testCases.TC04_LoginTest -INFO - Password for the TC 4 is: admin123
2020-05-18 19:07:01,578 [TestNG-tests-1] INFO testCases.TC04_LoginTest - Password for the TC 4 is: admin123
2020-05-18 19:08:13,487 - testBase.TestBase -INFO - Navigating to:https://opensource-demo.orangehrmlive.com/
2020-05-18 19:08:13,487 [TestNG-tests-1] INFO testBase.TestBase - Navigating to:https://opensource-demo.orangehrmlive.com/
2020-05-18 19:08:23,487 - testBase.TestBase -INFO - Navigating to:https://opensource-demo.orangehrmlive.com/
2020-05-18 19:08:23,487 [TestNG-tests-1] INFO testBase.TestBase - Navigating to:https://opensource-demo.orangehrmlive.com/
2020-05-18 19:08:36,154 - testBase.TestBase -INFO - Navigating to:https://opensource-demo.orangehrmlive.com/
2020-05-18 19:08:36,154 [TestNG-tests-1] INFO testBase.TestBase - Navigating to:https://opensource-demo.orangehrmlive.com/
2020-05-18 19:08:42,312 - testCases.TC01_LoginTest -INFO - Email id for the TC 1 is: admin
2020-05-18 19:08:42,312 [TestNG-tests-1] INFO testCases.TC01_LoginTest - Email id for the TC 1 is: admin
2020-05-18 19:08:42,427 - testCases.TC01_LoginTest -INFO - Password for the TC 1 is: admin
2020-05-18 19:08:42,427 [TestNG-tests-1] INFO testCases.TC01_LoginTest - Password for the TC 1 is: admin
2020-05-18 19:09:45,591 - pageClass.LoginPage -INFO - Time take in seconds Without cache 61
2020-05-18 19:09:45,591 [TestNG-tests-1] INFO pageClass.LoginPage - Time take in seconds Without cache 61
2020-05-18 19:10:25,227 - pageClass.LoginPage -INFO - Time take in seconds With cache 39
2020-05-18 19:10:25,227 [TestNG-tests-1] INFO pageClass.LoginPage - Time take in seconds With cache 39
2020-05-18 19:10:26,817 - testCases.TC02_LoginTest -INFO - Email id for the TC 2 is: admin123
2020-05-18 19:10:26,817 [TestNG-tests-1] INFO testCases.TC02_LoginTest - Email id for the TC 2 is: admin123
2020-05-18 19:10:26,837 - testCases.TC02_LoginTest -INFO - Password for the TC 2 is: admin
2020-05-18 19:10:26,837 [TestNG-tests-1] INFO testCases.TC02_LoginTest - Password for the TC 2 is: admin
2020-05-18 19:11:05,812 - pageClass.LoginPage -INFO - Time take in seconds Without cache 37
2020-05-18 19:11:05,812 [TestNG-tests-1] INFO pageClass.LoginPage - Time take in seconds Without cache 37
2020-05-18 19:11:23,683 - pageClass.LoginPage -INFO - Time take in seconds With cache 17
2020-05-18 19:11:23,683 [TestNG-tests-1] INFO pageClass.LoginPage - Time take in seconds With cache 17
2020-05-18 19:11:24,421 - testCases.TC03_LoginTest -INFO - Email id for the TC 3 is: admin12
2020-05-18 19:11:24,421 [TestNG-tests-1] INFO testCases.TC03_LoginTest - Email id for the TC 3 is: admin12
2020-05-18 19:11:24,430 - testCases.TC03_LoginTest -INFO - Password for the TC 3 is: admin123
2020-05-18 19:11:24,430 [TestNG-tests-1] INFO testCases.TC03_LoginTest - Password for the TC 3 is: admin123
2020-05-18 19:11:26,848 - testCases.TC04_LoginTest -INFO - Email id for the TC 4 is: Admin
2020-05-18 19:11:26,848 [TestNG-tests-1] INFO testCases.TC04_LoginTest - Email id for the TC 4 is: Admin
2020-05-18 19:11:26,889 - testCases.TC04_LoginTest -INFO - Password for the TC 4 is: admin123
2020-05-18 19:11:26,889 [TestNG-tests-1] INFO testCases.TC04_LoginTest - Password for the TC 4 is: admin123
2020-05-18 23:46:28,172 - testBase.TestBase -INFO - Navigating to:https://opensource-demo.orangehrmlive.com/
2020-05-18 23:46:28,172 [TestNG-tests-1] INFO testBase.TestBase - Navigating to:https://opensource-demo.orangehrmlive.com/
2020-05-18 23:46:39,966 - testBase.TestBase -INFO - Navigating to:https://opensource-demo.orangehrmlive.com/
2020-05-18 23:46:39,966 [TestNG-tests-1] INFO testBase.TestBase - Navigating to:https://opensource-demo.orangehrmlive.com/
2020-05-18 23:47:10,497 - testBase.TestBase -INFO - Navigating to:https://opensource-demo.orangehrmlive.com/
2020-05-18 23:47:10,497 [TestNG-tests-1] INFO testBase.TestBase - Navigating to:https://opensource-demo.orangehrmlive.com/
2020-05-18 23:47:26,376 - testCases.TC01_LoginTest -INFO - Email id for the TC 1 is: admin
2020-05-18 23:47:26,376 [TestNG-tests-1] INFO testCases.TC01_LoginTest - Email id for the TC 1 is: admin
2020-05-18 23:47:26,378 - testCases.TC01_LoginTest -INFO - Password for the TC 1 is: admin
2020-05-18 23:47:26,378 [TestNG-tests-1] INFO testCases.TC01_LoginTest - Password for the TC 1 is: admin
2020-05-18 23:48:27,231 - pageClass.LoginPage -INFO - Time take in seconds Without cache 59
2020-05-18 23:48:27,231 [TestNG-tests-1] INFO pageClass.LoginPage - Time take in seconds Without cache 59
2020-05-18 23:49:05,447 - pageClass.LoginPage -INFO - Time take in seconds With cache 38
2020-05-18 23:49:05,447 [TestNG-tests-1] INFO pageClass.LoginPage - Time take in seconds With cache 38
2020-05-18 23:49:08,669 - testCases.TC02_LoginTest -INFO - Email id for the TC 2 is: admin123
2020-05-18 23:49:08,669 [TestNG-tests-1] INFO testCases.TC02_LoginTest - Email id for the TC 2 is: admin123
2020-05-18 23:49:08,671 - testCases.TC02_LoginTest -INFO - Password for the TC 2 is: admin
2020-05-18 23:49:08,671 [TestNG-tests-1] INFO testCases.TC02_LoginTest - Password for the TC 2 is: admin
2020-05-18 23:50:08,800 - pageClass.LoginPage -INFO - Time take in seconds Without cache 57
2020-05-18 23:50:08,800 [TestNG-tests-1] INFO pageClass.LoginPage - Time take in seconds Without cache 57
2020-05-18 23:50:28,734 - pageClass.LoginPage -INFO - Time take in seconds With cache 19
2020-05-18 23:50:28,734 [TestNG-tests-1] INFO pageClass.LoginPage - Time take in seconds With cache 19
2020-05-18 23:50:29,767 - testCases.TC03_LoginTest -INFO - Email id for the TC 3 is: admin12
2020-05-18 23:50:29,767 [TestNG-tests-1] INFO testCases.TC03_LoginTest - Email id for the TC 3 is: admin12
2020-05-18 23:50:29,771 - testCases.TC03_LoginTest -INFO - Password for the TC 3 is: admin123
2020-05-18 23:50:29,771 [TestNG-tests-1] INFO testCases.TC03_LoginTest - Password for the TC 3 is: admin123
2020-05-18 23:50:32,103 - testCases.TC04_LoginTest -INFO - Email id for the TC 4 is: Admin
2020-05-18 23:50:32,103 [TestNG-tests-1] INFO testCases.TC04_LoginTest - Email id for the TC 4 is: Admin
2020-05-18 23:50:32,107 - testCases.TC04_LoginTest -INFO - Password for the TC 4 is: admin123
2020-05-18 23:50:32,107 [TestNG-tests-1] INFO testCases.TC04_LoginTest - Password for the TC 4 is: admin123
2020-05-18 23:58:36,395 - testBase.TestBase -INFO - Navigating to:https://opensource-demo.orangehrmlive.com/
2020-05-18 23:58:36,395 [TestNG-tests-1] INFO testBase.TestBase - Navigating to:https://opensource-demo.orangehrmlive.com/
2020-05-18 23:58:46,775 - testBase.TestBase -INFO - Navigating to:https://opensource-demo.orangehrmlive.com/
2020-05-18 23:58:46,775 [TestNG-tests-1] INFO testBase.TestBase - Navigating to:https://opensource-demo.orangehrmlive.com/
2020-05-18 23:58:57,830 - testBase.TestBase -INFO - Navigating to:https://opensource-demo.orangehrmlive.com/
2020-05-18 23:58:57,830 [TestNG-tests-1] INFO testBase.TestBase - Navigating to:https://opensource-demo.orangehrmlive.com/
2020-05-18 23:59:10,820 - testCases.TC01_LoginTest -INFO - Email id for the TC 1 is: admin
2020-05-18 23:59:10,820 [TestNG-tests-1] INFO testCases.TC01_LoginTest - Email id for the TC 1 is: admin
2020-05-18 23:59:11,818 - testCases.TC01_LoginTest -INFO - Password for the TC 1 is: admin
2020-05-18 23:59:11,818 [TestNG-tests-1] INFO testCases.TC01_LoginTest - Password for the TC 1 is: admin
2020-05-19 00:00:36,173 - pageClass.LoginPage -INFO - Time take in seconds Without cache 81
2020-05-19 00:00:36,173 [TestNG-tests-1] INFO pageClass.LoginPage - Time take in seconds Without cache 81
2020-05-19 00:01:07,812 - pageClass.LoginPage -INFO - Time take in seconds With cache 31
2020-05-19 00:01:07,812 [TestNG-tests-1] INFO pageClass.LoginPage - Time take in seconds With cache 31
2020-05-19 00:01:10,572 - testCases.TC02_LoginTest -INFO - Email id for the TC 2 is: admin123
2020-05-19 00:01:10,572 [TestNG-tests-1] INFO testCases.TC02_LoginTest - Email id for the TC 2 is: admin123
2020-05-19 00:01:10,600 - testCases.TC02_LoginTest -INFO - Password for the TC 2 is: admin
2020-05-19 00:01:10,600 [TestNG-tests-1] INFO testCases.TC02_LoginTest - Password for the TC 2 is: admin
2020-05-19 00:02:33,765 - pageClass.LoginPage -INFO - Time take in seconds Without cache 80
2020-05-19 00:02:33,765 [TestNG-tests-1] INFO pageClass.LoginPage - Time take in seconds Without cache 80
2020-05-19 00:03:05,134 - pageClass.LoginPage -INFO - Time take in seconds With cache 31
2020-05-19 00:03:05,134 [TestNG-tests-1] INFO pageClass.LoginPage - Time take in seconds With cache 31
2020-05-19 00:03:05,995 - testCases.TC03_LoginTest -INFO - Email id for the TC 3 is: admin12
2020-05-19 00:03:05,995 [TestNG-tests-1] INFO testCases.TC03_LoginTest - Email id for the TC 3 is: admin12
2020-05-19 00:03:06,009 - testCases.TC03_LoginTest -INFO - Password for the TC 3 is: admin123
2020-05-19 00:03:06,009 [TestNG-tests-1] INFO testCases.TC03_LoginTest - Password for the TC 3 is: admin123
2020-05-19 00:03:10,375 - testCases.TC04_LoginTest -INFO - Email id for the TC 4 is: Admin
2020-05-19 00:03:10,375 [TestNG-tests-1] INFO testCases.TC04_LoginTest - Email id for the TC 4 is: Admin
2020-05-19 00:03:10,389 - testCases.TC04_LoginTest -INFO - Password for the TC 4 is: admin123
2020-05-19 00:03:10,389 [TestNG-tests-1] INFO testCases.TC04_LoginTest - Password for the TC 4 is: admin123
2020-05-19 00:38:37,349 - testBase.TestBase -INFO - Navigating to:https://opensource-demo.orangehrmlive.com/
2020-05-19 00:38:37,349 [TestNG-tests-1] INFO testBase.TestBase - Navigating to:https://opensource-demo.orangehrmlive.com/
2020-05-19 00:38:46,128 - testBase.TestBase -INFO - Navigating to:https://opensource-demo.orangehrmlive.com/
2020-05-19 00:38:46,128 [TestNG-tests-1] INFO testBase.TestBase - Navigating to:https://opensource-demo.orangehrmlive.com/
2020-05-19 00:38:55,182 - testBase.TestBase -INFO - Navigating to:https://opensource-demo.orangehrmlive.com/
2020-05-19 00:38:55,182 [TestNG-tests-1] INFO testBase.TestBase - Navigating to:https://opensource-demo.orangehrmlive.com/
2020-05-19 00:39:02,935 - testCases.TC01_LoginTest -INFO - Email id for the TC 1 is: admin
2020-05-19 00:39:02,935 [TestNG-tests-1] INFO testCases.TC01_LoginTest - Email id for the TC 1 is: admin
2020-05-19 00:39:03,024 - testCases.TC01_LoginTest -INFO - Password for the TC 1 is: admin
2020-05-19 00:39:03,024 [TestNG-tests-1] INFO testCases.TC01_LoginTest - Password for the TC 1 is: admin
2020-05-19 00:39:59,721 - pageClass.LoginPage -INFO - Time take in seconds Without cache 54
2020-05-19 00:39:59,721 [TestNG-tests-1] INFO pageClass.LoginPage - Time take in seconds Without cache 54
2020-05-19 00:40:25,812 - pageClass.LoginPage -INFO - Time take in seconds With cache 26
2020-05-19 00:40:25,812 [TestNG-tests-1] INFO pageClass.LoginPage - Time take in seconds With cache 26
2020-05-19 00:40:28,410 - testCases.TC02_LoginTest -INFO - Email id for the TC 2 is: admin123
2020-05-19 00:40:28,410 [TestNG-tests-1] INFO testCases.TC02_LoginTest - Email id for the TC 2 is: admin123
2020-05-19 00:40:28,459 - testCases.TC02_LoginTest -INFO - Password for the TC 2 is: admin
2020-05-19 00:40:28,459 [TestNG-tests-1] INFO testCases.TC02_LoginTest - Password for the TC 2 is: admin
2020-05-19 00:41:31,277 - pageClass.LoginPage -INFO - Time take in seconds Without cache 61
2020-05-19 00:41:31,277 [TestNG-tests-1] INFO pageClass.LoginPage - Time take in seconds Without cache 61
2020-05-19 00:43:11,243 - pageClass.LoginPage -INFO - Time take in seconds With cache 22
2020-05-19 00:43:11,243 [TestNG-tests-1] INFO pageClass.LoginPage - Time take in seconds With cache 22
2020-05-19 00:43:12,283 - testCases.TC03_LoginTest -INFO - Email id for the TC 3 is: admin12
2020-05-19 00:43:12,283 [TestNG-tests-1] INFO testCases.TC03_LoginTest - Email id for the TC 3 is: admin12
2020-05-19 00:43:12,299 - testCases.TC03_LoginTest -INFO - Password for the TC 3 is: admin123
2020-05-19 00:43:12,299 [TestNG-tests-1] INFO testCases.TC03_LoginTest - Password for the TC 3 is: admin123
2020-05-19 00:43:14,950 - testCases.TC04_LoginTest -INFO - Email id for the TC 4 is: Admin
2020-05-19 00:43:14,950 [TestNG-tests-1] INFO testCases.TC04_LoginTest - Email id for the TC 4 is: Admin
2020-05-19 00:43:14,998 - testCases.TC04_LoginTest -INFO - Password for the TC 4 is: admin123
2020-05-19 00:43:14,998 [TestNG-tests-1] INFO testCases.TC04_LoginTest - Password for the TC 4 is: admin123
